<?xml version="1.0" encoding="UTF-8"?>
<testng-results skipped="0" failed="0" total="1" passed="1">
  <reporter-output>
  </reporter-output>
  <suite name="Suite" duration-ms="58165" started-at="2022-09-07T13:44:57Z" finished-at="2022-09-07T13:45:55Z">
    <groups>
    </groups>
    <test name="Test" duration-ms="58165" started-at="2022-09-07T13:44:57Z" finished-at="2022-09-07T13:45:55Z">
      <class name="Shopping.Shopping.ShoppingorderTest">
        <test-method status="PASS" signature="openBrowser()[pri:0, instance:Shopping.Shopping.ShoppingorderTest@380fb434]" name="openBrowser" is-config="true" duration-ms="15934" started-at="2022-09-07T19:14:57Z" finished-at="2022-09-07T19:15:13Z">
          <reporter-output>
          </reporter-output>
        </test-method> <!-- openBrowser -->
        <test-method status="PASS" signature="orderplace()[pri:0, instance:Shopping.Shopping.ShoppingorderTest@380fb434]" name="orderplace" is-config="true" duration-ms="42169" started-at="2022-09-07T19:15:13Z" finished-at="2022-09-07T19:15:55Z">
          <reporter-output>
          </reporter-output>
        </test-method> <!-- orderplace -->
        <test-method status="PASS" signature="orderstatusverify()[pri:0, instance:Shopping.Shopping.ShoppingorderTest@380fb434]" name="orderstatusverify" duration-ms="44" started-at="2022-09-07T19:15:55Z" finished-at="2022-09-07T19:15:55Z">
          <reporter-output>
          </reporter-output>
        </test-method> <!-- orderstatusverify -->
        <test-method status="PASS" signature="logoutFromApp(org.testng.ITestResult)[pri:0, instance:Shopping.Shopping.ShoppingorderTest@380fb434]" name="logoutFromApp" is-config="true" duration-ms="0" started-at="2022-09-07T19:15:55Z" finished-at="2022-09-07T19:15:55Z">
          <params>
            <param index="0">
              <value>
                <![CDATA[[TestResult name=orderstatusverify status=SUCCESS method=ShoppingorderTest.orderstatusverify()[pri:0, instance:Shopping.Shopping.ShoppingorderTest@380fb434] output={null}]]]>
              </value>
            </param>
          </params>
          <reporter-output>
          </reporter-output>
        </test-method> <!-- logoutFromApp -->
      </class> <!-- Shopping.Shopping.ShoppingorderTest -->
    </test> <!-- Test -->
  </suite> <!-- Suite -->
</testng-results>
